[www.appsheet.com/start/94cd736b-7509-4cb7-bde5-6084f46088901e94.html]
[backblue.gif]
[fade.gif]
[index.html]
[www.appsheet.com/content/img/ajax-loader.gif]
[www.appsheet.com/assets/af4a73116e23759c703c9722f45ab95474d5b18c775fadbce7e410316955416a.js]
[www.appsheet.com/assets/f86db554ff60568afaab6d3d776ccbcb19444039e504e141581ac6f76a944103.js]
[www.appsheet.com/assets/535c840cf5c4b22beb9a05cd7b2239800ed03dd7a2df999b677c7362aa4bdb71.js]
[www.appsheet.com/assets/e9a67ffa55b090de42fd2b6069c52f7197168903cb048851247b3e862c980100.js]
[www.appsheet.com/assets/8ad81b62b187d3e1f280067fb829766fa4242c7444221087895247b732858156.js]
[www.appsheet.com/assets/b852de79795a073bf777e4b13df6a6251efb0f25980559d4e14bc9fcaebec07a.js]
[www.appsheet.com/assets/afb05e883bafc49b9494438b87ea2d041cc1f891b83a07fd90d05d35cc590e4e.js]
[www.appsheet.com/assets/993106786a2fda785e74eea7aa92cf44bb2151746becc7983551afe20538aced.js]
[www.appsheet.com/assets/6fc82a4472ca467fce0e3bbb3b67c2ccf26cfe95ca84ebd55d767d0d5c9f6c21.js]
[www.appsheet.com/assets/4c77cc6e0a53d958df886f48e64993ffd5466bde010a8b6eb3f921fd8877da6a.js]
[www.appsheet.com/assets/7878352d74db6f2f8d447f607fba886936e965be554b8544b3053afd6f5a92b2.js]
[www.appsheet.com/assets/d56ed09bf6ba8050b0daacb74c91edf7882e08c73e6d61474b4cf604c8c51dbb.js]
[www.appsheet.com/assets/c78e997f79b73fa55b6dc3f6f08ed8af0b1de19fdf843c4857a45c8a6d298433.js]
[www.appsheet.com/assets/78b997e9ae89502e46f4ec7ef595a078bc0caee090aa21dd13400fc1023e436f.js]
[www.appsheet.com/assets/9d229c39d6ac65130b02a6e299daeecf6e3707c3cd0e2bfb74b47c43d6a62949.js]
[www.appsheet.com/assets/e4807df3cbd495b9b7e25e74d854df3d6a517a63fdbc65adfa36b9f54cb2cc76.js]
[www.appsheet.com/assets/5df0bc81d88dc245ece722358daedac126a7e415b660fd2af95488a962ac5ba3.js]
[www.appsheet.com/assets/4d58e4dfad6fbfc93a165bc2579500c38b7674ee26a5471dd3699cd1f8b01d9e.js]
[www.appsheet.com/assets/f9ddbc92148c5c021375eeb2e4ddbe41af7970640a1154233afb22ba7a75b8b9.js]
[www.appsheet.com/assets/f6c7345f6d45952a566a4069c532f82759afe6dddb33ad5f412f92a1bd321c38.js]
[www.appsheet.com/assets/a60912a0b10e3bd389f2a86367e7f0cffddbf72ddba65fddc181f34ad52b70a3.js]
[www.appsheet.com/assets/54a7b3893d96f18e7610d620187020995554cadc385eb517b7c0d6fe9624f053.js]
[www.appsheet.com/start/94cd736b-7509-4cb7-bde5-6084f46088901e94.html]
[www.appsheet.com/content/build/notification-client.js]
[www.appsheet.com/assets/f5dad0e1e80a7aefdb5e822b4e12c228eeaaecc0939b352b9b652fc5a1435494.eot]
[www.appsheet.com/assets/c9091a625a6c1df5a0f90916a73be26ef4cd19b1ec07eb0968facca13e1a2dbc.eot]
[www.appsheet.com/assets/663ad986e6414a8d2f8ae16161bb5e4ca16242b328a62e1b5bce4f926cee36cd.css]
[www.appsheet.com/assets/ce145e5b77a8d98c782b577937d905744bc5e20de963f6965cfd713cec73ffda.eot]
